{"/Users/williammoreiradasilva/Documents/apply_tests/libs/isValidMask.js": {"path":"/Users/williammoreiradasilva/Documents/apply_tests/libs/isValidMask.js","all":false,"statementMap":{"0":{"start":{"line":1,"column":0},"end":{"line":1,"column":39}},"1":{"start":{"line":2,"column":0},"end":{"line":2,"column":34}},"2":{"start":{"line":3,"column":0},"end":{"line":3,"column":48}},"3":{"start":{"line":4,"column":0},"end":{"line":4,"column":0}},"4":{"start":{"line":5,"column":0},"end":{"line":5,"column":42}},"5":{"start":{"line":6,"column":0},"end":{"line":6,"column":41}},"6":{"start":{"line":7,"column":0},"end":{"line":7,"column":66}},"7":{"start":{"line":8,"column":0},"end":{"line":8,"column":12}},"8":{"start":{"line":9,"column":0},"end":{"line":9,"column":59}},"9":{"start":{"line":10,"column":0},"end":{"line":10,"column":5}},"10":{"start":{"line":11,"column":0},"end":{"line":11,"column":3}},"11":{"start":{"line":12,"column":0},"end":{"line":12,"column":0}},"12":{"start":{"line":13,"column":0},"end":{"line":13,"column":14}},"13":{"start":{"line":14,"column":0},"end":{"line":14,"column":2}},"14":{"start":{"line":15,"column":0},"end":{"line":15,"column":0}},"15":{"start":{"line":16,"column":0},"end":{"line":16,"column":30}}},"s":{"0":1,"1":17,"2":17,"3":7,"4":17,"5":101,"6":81,"7":101,"8":20,"9":20,"10":101,"11":7,"12":7,"13":7,"14":1,"15":1},"branchMap":{"0":{"type":"branch","line":1,"loc":{"start":{"line":1,"column":21},"end":{"line":14,"column":2}},"locations":[{"start":{"line":1,"column":21},"end":{"line":14,"column":2}}]},"1":{"type":"branch","line":3,"loc":{"start":{"line":3,"column":35},"end":{"line":3,"column":48}},"locations":[{"start":{"line":3,"column":35},"end":{"line":3,"column":48}}]},"2":{"type":"branch","line":3,"loc":{"start":{"line":3,"column":47},"end":{"line":5,"column":41}},"locations":[{"start":{"line":3,"column":47},"end":{"line":5,"column":41}}]},"3":{"type":"branch","line":5,"loc":{"start":{"line":5,"column":41},"end":{"line":11,"column":3}},"locations":[{"start":{"line":5,"column":41},"end":{"line":11,"column":3}}]},"4":{"type":"branch","line":6,"loc":{"start":{"line":6,"column":40},"end":{"line":8,"column":5}},"locations":[{"start":{"line":6,"column":40},"end":{"line":8,"column":5}}]},"5":{"type":"branch","line":7,"loc":{"start":{"line":7,"column":53},"end":{"line":7,"column":66}},"locations":[{"start":{"line":7,"column":53},"end":{"line":7,"column":66}}]},"6":{"type":"branch","line":8,"loc":{"start":{"line":8,"column":5},"end":{"line":10,"column":5}},"locations":[{"start":{"line":8,"column":5},"end":{"line":10,"column":5}}]},"7":{"type":"branch","line":9,"loc":{"start":{"line":9,"column":46},"end":{"line":9,"column":59}},"locations":[{"start":{"line":9,"column":46},"end":{"line":9,"column":59}}]},"8":{"type":"branch","line":11,"loc":{"start":{"line":11,"column":2},"end":{"line":14,"column":2}},"locations":[{"start":{"line":11,"column":2},"end":{"line":14,"column":2}}]}},"b":{"0":[17],"1":[10],"2":[7],"3":[101],"4":[81],"5":[0],"6":[20],"7":[0],"8":[7]},"fnMap":{"0":{"name":"validadeMask","decl":{"start":{"line":1,"column":21},"end":{"line":14,"column":2}},"loc":{"start":{"line":1,"column":21},"end":{"line":14,"column":2}},"line":1}},"f":{"0":17}}
,"/Users/williammoreiradasilva/Documents/apply_tests/libs/constants/constants.js": {"path":"/Users/williammoreiradasilva/Documents/apply_tests/libs/constants/constants.js","all":false,"statementMap":{"0":{"start":{"line":1,"column":0},"end":{"line":1,"column":34}},"1":{"start":{"line":2,"column":0},"end":{"line":2,"column":39}},"2":{"start":{"line":3,"column":0},"end":{"line":3,"column":0}},"3":{"start":{"line":4,"column":0},"end":{"line":4,"column":35}},"4":{"start":{"line":5,"column":0},"end":{"line":5,"column":40}},"5":{"start":{"line":6,"column":0},"end":{"line":6,"column":0}},"6":{"start":{"line":7,"column":0},"end":{"line":7,"column":77}},"7":{"start":{"line":8,"column":0},"end":{"line":8,"column":68}},"8":{"start":{"line":9,"column":0},"end":{"line":9,"column":0}},"9":{"start":{"line":10,"column":0},"end":{"line":10,"column":18}},"10":{"start":{"line":11,"column":0},"end":{"line":11,"column":11}},"11":{"start":{"line":12,"column":0},"end":{"line":12,"column":12}},"12":{"start":{"line":13,"column":0},"end":{"line":13,"column":12}},"13":{"start":{"line":14,"column":0},"end":{"line":14,"column":13}},"14":{"start":{"line":15,"column":0},"end":{"line":15,"column":21}},"15":{"start":{"line":16,"column":0},"end":{"line":16,"column":21}},"16":{"start":{"line":17,"column":0},"end":{"line":17,"column":2}}},"s":{"0":1,"1":1,"2":1,"3":1,"4":1,"5":1,"6":1,"7":1,"8":1,"9":1,"10":1,"11":1,"12":1,"13":1,"14":1,"15":1,"16":1},"branchMap":{},"b":{},"fnMap":{},"f":{}}
,"/Users/williammoreiradasilva/Documents/apply_tests/replace/replace.js": {"path":"/Users/williammoreiradasilva/Documents/apply_tests/replace/replace.js","all":false,"statementMap":{"0":{"start":{"line":1,"column":0},"end":{"line":1,"column":76}},"1":{"start":{"line":2,"column":0},"end":{"line":2,"column":18}},"2":{"start":{"line":3,"column":0},"end":{"line":3,"column":0}},"3":{"start":{"line":4,"column":0},"end":{"line":4,"column":14}},"4":{"start":{"line":5,"column":0},"end":{"line":5,"column":0}},"5":{"start":{"line":6,"column":0},"end":{"line":6,"column":46}},"6":{"start":{"line":7,"column":0},"end":{"line":7,"column":47}},"7":{"start":{"line":8,"column":0},"end":{"line":8,"column":40}},"8":{"start":{"line":9,"column":0},"end":{"line":9,"column":78}},"9":{"start":{"line":10,"column":0},"end":{"line":10,"column":12}},"10":{"start":{"line":11,"column":0},"end":{"line":11,"column":12}},"11":{"start":{"line":12,"column":0},"end":{"line":12,"column":34}},"12":{"start":{"line":13,"column":0},"end":{"line":13,"column":5}},"13":{"start":{"line":14,"column":0},"end":{"line":14,"column":3}},"14":{"start":{"line":15,"column":0},"end":{"line":15,"column":0}},"15":{"start":{"line":16,"column":0},"end":{"line":16,"column":16}},"16":{"start":{"line":17,"column":0},"end":{"line":17,"column":1}},"17":{"start":{"line":18,"column":0},"end":{"line":18,"column":0}},"18":{"start":{"line":19,"column":0},"end":{"line":19,"column":27}}},"s":{"0":6,"1":6,"2":6,"3":6,"4":6,"5":6,"6":45,"7":36,"8":36,"9":36,"10":45,"11":9,"12":9,"13":45,"14":6,"15":6,"16":6,"17":1,"18":1},"branchMap":{"0":{"type":"branch","line":1,"loc":{"start":{"line":1,"column":0},"end":{"line":17,"column":1}},"locations":[{"start":{"line":1,"column":0},"end":{"line":17,"column":1}}]},"1":{"type":"branch","line":6,"loc":{"start":{"line":6,"column":45},"end":{"line":14,"column":3}},"locations":[{"start":{"line":6,"column":45},"end":{"line":14,"column":3}}]},"2":{"type":"branch","line":7,"loc":{"start":{"line":7,"column":46},"end":{"line":11,"column":5}},"locations":[{"start":{"line":7,"column":46},"end":{"line":11,"column":5}}]},"3":{"type":"branch","line":9,"loc":{"start":{"line":9,"column":33},"end":{"line":9,"column":45}},"locations":[{"start":{"line":9,"column":33},"end":{"line":9,"column":45}}]},"4":{"type":"branch","line":9,"loc":{"start":{"line":9,"column":45},"end":{"line":9,"column":65}},"locations":[{"start":{"line":9,"column":45},"end":{"line":9,"column":65}}]},"5":{"type":"branch","line":9,"loc":{"start":{"line":9,"column":65},"end":{"line":9,"column":76}},"locations":[{"start":{"line":9,"column":65},"end":{"line":9,"column":76}}]},"6":{"type":"branch","line":11,"loc":{"start":{"line":11,"column":5},"end":{"line":13,"column":5}},"locations":[{"start":{"line":11,"column":5},"end":{"line":13,"column":5}}]}},"b":{"0":[6],"1":[45],"2":[36],"3":[12],"4":[6],"5":[30],"6":[9]},"fnMap":{"0":{"name":"toPattern","decl":{"start":{"line":1,"column":0},"end":{"line":17,"column":1}},"loc":{"start":{"line":1,"column":0},"end":{"line":17,"column":1}},"line":1}},"f":{"0":6}}
,"/Users/williammoreiradasilva/Documents/apply_tests/vanillaMask/vanillaMaskArray.js": {"path":"/Users/williammoreiradasilva/Documents/apply_tests/vanillaMask/vanillaMaskArray.js","all":false,"statementMap":{"0":{"start":{"line":1,"column":0},"end":{"line":1,"column":42}},"1":{"start":{"line":2,"column":0},"end":{"line":2,"column":51}},"2":{"start":{"line":3,"column":0},"end":{"line":3,"column":0}},"3":{"start":{"line":4,"column":0},"end":{"line":4,"column":65}},"4":{"start":{"line":5,"column":0},"end":{"line":5,"column":47}},"5":{"start":{"line":6,"column":0},"end":{"line":6,"column":80}},"6":{"start":{"line":7,"column":0},"end":{"line":7,"column":72}},"7":{"start":{"line":8,"column":0},"end":{"line":8,"column":0}},"8":{"start":{"line":9,"column":0},"end":{"line":9,"column":58}},"9":{"start":{"line":10,"column":0},"end":{"line":10,"column":0}},"10":{"start":{"line":11,"column":0},"end":{"line":11,"column":59}},"11":{"start":{"line":12,"column":0},"end":{"line":12,"column":0}},"12":{"start":{"line":13,"column":0},"end":{"line":13,"column":55}},"13":{"start":{"line":14,"column":0},"end":{"line":14,"column":1}},"14":{"start":{"line":15,"column":0},"end":{"line":15,"column":0}},"15":{"start":{"line":16,"column":0},"end":{"line":16,"column":60}},"16":{"start":{"line":17,"column":0},"end":{"line":17,"column":12}},"17":{"start":{"line":18,"column":0},"end":{"line":18,"column":10}},"18":{"start":{"line":19,"column":0},"end":{"line":19,"column":10}},"19":{"start":{"line":20,"column":0},"end":{"line":20,"column":58}},"20":{"start":{"line":21,"column":0},"end":{"line":21,"column":9}},"21":{"start":{"line":22,"column":0},"end":{"line":22,"column":4}}},"s":{"0":1,"1":1,"2":1,"3":15,"4":15,"5":15,"6":15,"7":12,"8":12,"9":12,"10":15,"11":7,"12":7,"13":7,"14":1,"15":1,"16":8,"17":8,"18":8,"19":8,"20":8,"21":1},"branchMap":{"0":{"type":"branch","line":4,"loc":{"start":{"line":4,"column":0},"end":{"line":14,"column":1}},"locations":[{"start":{"line":4,"column":0},"end":{"line":14,"column":1}}]},"1":{"type":"branch","line":5,"loc":{"start":{"line":5,"column":30},"end":{"line":5,"column":47}},"locations":[{"start":{"line":5,"column":30},"end":{"line":5,"column":47}}]},"2":{"type":"branch","line":5,"loc":{"start":{"line":5,"column":46},"end":{"line":6,"column":35}},"locations":[{"start":{"line":5,"column":46},"end":{"line":6,"column":35}}]},"3":{"type":"branch","line":6,"loc":{"start":{"line":6,"column":35},"end":{"line":6,"column":80}},"locations":[{"start":{"line":6,"column":35},"end":{"line":6,"column":80}}]},"4":{"type":"branch","line":6,"loc":{"start":{"line":6,"column":79},"end":{"line":7,"column":33}},"locations":[{"start":{"line":6,"column":79},"end":{"line":7,"column":33}}]},"5":{"type":"branch","line":7,"loc":{"start":{"line":7,"column":33},"end":{"line":7,"column":72}},"locations":[{"start":{"line":7,"column":33},"end":{"line":7,"column":72}}]},"6":{"type":"branch","line":7,"loc":{"start":{"line":7,"column":71},"end":{"line":11,"column":43}},"locations":[{"start":{"line":7,"column":71},"end":{"line":11,"column":43}}]},"7":{"type":"branch","line":11,"loc":{"start":{"line":11,"column":43},"end":{"line":11,"column":59}},"locations":[{"start":{"line":11,"column":43},"end":{"line":11,"column":59}}]},"8":{"type":"branch","line":11,"loc":{"start":{"line":11,"column":58},"end":{"line":14,"column":1}},"locations":[{"start":{"line":11,"column":58},"end":{"line":14,"column":1}}]},"9":{"type":"branch","line":16,"loc":{"start":{"line":16,"column":17},"end":{"line":22,"column":3}},"locations":[{"start":{"line":16,"column":17},"end":{"line":22,"column":3}}]},"10":{"type":"branch","line":20,"loc":{"start":{"line":20,"column":29},"end":{"line":20,"column":45}},"locations":[{"start":{"line":20,"column":29},"end":{"line":20,"column":45}}]},"11":{"type":"branch","line":20,"loc":{"start":{"line":20,"column":45},"end":{"line":20,"column":57}},"locations":[{"start":{"line":20,"column":45},"end":{"line":20,"column":57}}]}},"b":{"0":[15],"1":[1],"2":[14],"3":[1],"4":[13],"5":[1],"6":[12],"7":[5],"8":[7],"9":[8],"10":[1],"11":[7]},"fnMap":{"0":{"name":"applyMask","decl":{"start":{"line":4,"column":0},"end":{"line":14,"column":1}},"loc":{"start":{"line":4,"column":0},"end":{"line":14,"column":1}},"line":4},"1":{"name":"Object.<anonymous>.module.exports","decl":{"start":{"line":16,"column":17},"end":{"line":22,"column":3}},"loc":{"start":{"line":16,"column":17},"end":{"line":22,"column":3}},"line":16}},"f":{"0":15,"1":8}}
}
