TN:
SF:libs/isValidMask.js
FN:1,validadeMask
FNF:1
FNH:1
FNDA:17,validadeMask
DA:1,1
DA:2,17
DA:3,17
DA:4,7
DA:5,17
DA:6,101
DA:7,81
DA:8,101
DA:9,20
DA:10,20
DA:11,101
DA:12,7
DA:13,7
DA:14,7
DA:15,1
DA:16,1
LF:16
LH:16
BRDA:1,0,0,17
BRDA:3,1,0,10
BRDA:3,2,0,7
BRDA:5,3,0,101
BRDA:6,4,0,81
BRDA:7,5,0,0
BRDA:8,6,0,20
BRDA:9,7,0,0
BRDA:11,8,0,7
BRF:9
BRH:7
end_of_record
TN:
SF:libs/constants/constants.js
FNF:0
FNH:0
DA:1,1
DA:2,1
DA:3,1
DA:4,1
DA:5,1
DA:6,1
DA:7,1
DA:8,1
DA:9,1
DA:10,1
DA:11,1
DA:12,1
DA:13,1
DA:14,1
DA:15,1
DA:16,1
DA:17,1
LF:17
LH:17
BRF:0
BRH:0
end_of_record
TN:
SF:replace/replace.js
FN:1,toPattern
FNF:1
FNH:1
FNDA:6,toPattern
DA:1,6
DA:2,6
DA:3,6
DA:4,6
DA:5,6
DA:6,6
DA:7,45
DA:8,36
DA:9,36
DA:10,36
DA:11,45
DA:12,9
DA:13,9
DA:14,45
DA:15,6
DA:16,6
DA:17,6
DA:18,1
DA:19,1
LF:19
LH:19
BRDA:1,0,0,6
BRDA:6,1,0,45
BRDA:7,2,0,36
BRDA:9,3,0,12
BRDA:9,4,0,6
BRDA:9,5,0,30
BRDA:11,6,0,9
BRF:7
BRH:7
end_of_record
TN:
SF:vanillaMask/vanillaMaskArray.js
FN:4,applyMask
FN:16,Object.<anonymous>.module.exports
FNF:2
FNH:2
FNDA:15,applyMask
FNDA:8,Object.<anonymous>.module.exports
DA:1,1
DA:2,1
DA:3,1
DA:4,15
DA:5,15
DA:6,15
DA:7,15
DA:8,12
DA:9,12
DA:10,12
DA:11,15
DA:12,7
DA:13,7
DA:14,7
DA:15,1
DA:16,1
DA:17,8
DA:18,8
DA:19,8
DA:20,8
DA:21,8
DA:22,1
LF:22
LH:22
BRDA:4,0,0,15
BRDA:5,1,0,1
BRDA:5,2,0,14
BRDA:6,3,0,1
BRDA:6,4,0,13
BRDA:7,5,0,1
BRDA:7,6,0,12
BRDA:11,7,0,5
BRDA:11,8,0,7
BRDA:16,9,0,8
BRDA:20,10,0,1
BRDA:20,11,0,7
BRF:12
BRH:12
end_of_record
